CRITICAL - 2022-06-25 05:36:41 --> There is no data to update.
in SYSTEMPATH\BaseModel.php on line 846.
 1 SYSTEMPATH\BaseModel.php(846): CodeIgniter\Database\Exceptions\DataException::forEmptyDataset('update')
 2 SYSTEMPATH\Model.php(692): CodeIgniter\BaseModel->update([...], [])
 3 APPPATH\Controllers\Umkms.php(60): CodeIgniter\Model->update('1', [...])
 4 SYSTEMPATH\CodeIgniter.php(896): App\Controllers\Umkms->update('1')
 5 SYSTEMPATH\CodeIgniter.php(466): CodeIgniter\CodeIgniter->runController(Object(App\Controllers\Umkms))
 6 SYSTEMPATH\CodeIgniter.php(349): CodeIgniter\CodeIgniter->handleRequest(null, Object(Config\Cache), false)
 7 FCPATH\index.php(55): CodeIgniter\CodeIgniter->run()
 8 SYSTEMPATH\Commands\Server\rewrite.php(43): require_once('FCPATH\\index.php')
ERROR - 2022-06-25 13:18:59 --> Error connecting to the database: Unknown database 'umkm_app'
CRITICAL - 2022-06-25 13:18:59 --> Unable to connect to the database.
Main connection [MySQLi]: Unknown database 'umkm_app'
in SYSTEMPATH\Database\BaseConnection.php on line 416.
 1 SYSTEMPATH\Database\BaseConnection.php(586): CodeIgniter\Database\BaseConnection->initialize()
 2 SYSTEMPATH\Database\BaseBuilder.php(1585): CodeIgniter\Database\BaseConnection->query('SELECT *
FROM `umkms`', [], false)
 3 SYSTEMPATH\Model.php(222): CodeIgniter\Database\BaseBuilder->get()
 4 SYSTEMPATH\BaseModel.php(584): CodeIgniter\Model->doFindAll(0, 0)
 5 APPPATH\Controllers\Umkms.php(18): CodeIgniter\BaseModel->findAll()
 6 SYSTEMPATH\CodeIgniter.php(896): App\Controllers\Umkms->index()
 7 SYSTEMPATH\CodeIgniter.php(466): CodeIgniter\CodeIgniter->runController(Object(App\Controllers\Umkms))
 8 SYSTEMPATH\CodeIgniter.php(349): CodeIgniter\CodeIgniter->handleRequest(null, Object(Config\Cache), false)
 9 FCPATH\index.php(55): CodeIgniter\CodeIgniter->run()
